<?xml version="1.0" encoding="UTF-8"?>
<testsuites name="TS_GET_Ping_HealthCheck" time="6.76" tests="1" failures="0" errors="0">
   <testsuite name="TS_GET_Ping_HealthCheck" tests="1" failures="0" errors="0" time="6.76" skipped="0" timestamp="2022-12-15 16:44:41" hostname="User - host.docker.internal" id="Test Suites/TS_GET_Ping_HealthCheck">
      <properties>
         <property name="deviceName" value=""/>
         <property name="devicePlatform" value=""/>
         <property name="logFolder" value="C:\\Users\\User\\git\\api-katalon\\Reports\\20221215_164437\\TS_GET_Ping_HealthCheck\\20221215_164437"/>
         <property name="logFiles" value="C:\\Users\\User\\git\\api-katalon\\Reports\\20221215_164437\\TS_GET_Ping_HealthCheck\\20221215_164437\\execution0.log"/>
         <property name="attachments" value=""/>
         <property name="hostName" value="User - host.docker.internal"/>
         <property name="hostAddress" value="192.168.100.13"/>
         <property name="os" value="Windows 10 64bit"/>
         <property name="katalonVersion" value="8.5.2.208"/>
      </properties>
      <testcase name="Test Cases/GET_Ping_HealthCheck" time="6.225" classname="Test Cases/GET_Ping_HealthCheck" status="PASSED">
         <system-out><![CDATA[2022-12-15 16:44:42 - [TEST_CASE][PASSED] - Test Cases/GET_Ping_HealthCheck: Test Cases/GET_Ping_HealthCheck

2022-12-15 16:44:43 - [TEST_STEP][PASSED] - sendRequest(findTestObject("GET_Ping_HealthCheck")): Send request successfully

2022-12-15 16:44:48 - [MESSAGE][INFO] - HAR: C:\Users\User\git\api-katalon\Reports\20221215_164437\TS_GET_Ping_HealthCheck\20221215_164437\requests\main\0.har

2022-12-15 16:44:48 - [MESSAGE][PASSED] - Send request successfully]]></system-out>
         <system-err><![CDATA[]]></system-err>
      </testcase>
      <system-out><![CDATA[2022-12-15 16:44:41 - [TEST_SUITE][PASSED] - TS_GET_Ping_HealthCheck: Test Cases/GET_Ping_HealthCheck]]></system-out>
      <system-err><![CDATA[]]></system-err>
   </testsuite>
</testsuites>
